<?xml version="1.0" encoding="UTF-8"?>
<!-- Generated by org.testng.reporters.JUnitReportReporter -->
<testsuite hostname="Chandana" failures="0" tests="3" name="SeleniumFramework.Design.SubmitOrderTest" time="17.016" errors="0" timestamp="2025-05-15T12:43:31 IST" skipped="0">
  <testcase classname="SeleniumFramework.Design.SubmitOrderTest" name="submitOrder" time="6.446"/>
  <testcase classname="SeleniumFramework.Design.SubmitOrderTest" name="OrderHistoryPage" time="2.926"/>
  <testcase classname="SeleniumFramework.Design.SubmitOrderTest" name="submitOrder" time="7.644"/>
</testsuite> <!-- SeleniumFramework.Design.SubmitOrderTest -->
