<?xml version="1.0" encoding="UTF-8"?>
<!-- Generated by org.testng.reporters.JUnitReportReporter -->
<testsuite hostname="Chandana" failures="0" tests="3" name="SeleniumFramework.Design.SubmitOrderTest" time="18.849" errors="0" timestamp="2025-05-21T22:39:46 IST" skipped="0">
  <testcase classname="SeleniumFramework.Design.SubmitOrderTest" name="submitOrder" time="8.104"/>
  <testcase classname="SeleniumFramework.Design.SubmitOrderTest" name="OrderHistoryPage" time="2.983"/>
  <testcase classname="SeleniumFramework.Design.SubmitOrderTest" name="submitOrder" time="7.762"/>
</testsuite> <!-- SeleniumFramework.Design.SubmitOrderTest -->
