<?xml version="1.0" encoding="UTF-8"?>
<!-- Generated by org.testng.reporters.JUnitReportReporter -->
<testsuite hostname="Chandana" failures="0" tests="1" name="SeleniumFramework.ExtentReport.ExtentReportDemo" time="4.219" errors="0" timestamp="2025-05-14T11:37:28 IST" skipped="0">
  <testcase classname="SeleniumFramework.ExtentReport.ExtentReportDemo" name="intializeDemo" time="4.219"/>
</testsuite> <!-- SeleniumFramework.ExtentReport.ExtentReportDemo -->
