<?xml version="1.0" encoding="UTF-8"?>
<!-- Generated by org.testng.reporters.JUnitReportReporter -->
<testsuite hostname="Chandana" failures="0" tests="1" name="SeleniumFramework.Design.ErrorMessage" time="0.846" errors="0" timestamp="2025-05-11T22:16:21 IST" skipped="0">
  <testcase classname="SeleniumFramework.Design.ErrorMessage" name="submitOrder" time="0.846"/>
</testsuite> <!-- SeleniumFramework.Design.ErrorMessage -->
