<?xml version="1.0" encoding="UTF-8"?>
<!-- Generated by org.testng.reporters.JUnitReportReporter -->
<testsuite hostname="Chandana" failures="0" tests="3" name="TestSel.ArrayTest" time="0.015" errors="0" timestamp="2025-05-07T23:10:52 IST" skipped="0">
  <testcase classname="TestSel.ArrayTest" name="testCaseData" time="0.001"/>
  <testcase classname="TestSel.ArrayTest" name="testCaseData" time="0.013"/>
  <testcase classname="TestSel.ArrayTest" name="testCaseData" time="0.001"/>
</testsuite> <!-- TestSel.ArrayTest -->
