<?xml version="1.0" encoding="UTF-8"?>
<!-- Generated by org.testng.reporters.JUnitReportReporter -->
<testsuite hostname="Chandana" failures="0" tests="1" name="Test.Newfoo" time="0.009" errors="0" timestamp="2025-05-07T22:40:50 IST" skipped="0">
  <testcase classname="Test.Newfoo" name="head" time="0.009"/>
</testsuite> <!-- Test.Newfoo -->
